Build started 9/26/2014 1:04:59 AM.
     1>Project "C:\Users\Tanmay\Desktop\Semester1\Computer Organization and Kernel Programming\RoundRobinAlgorithm\RoundRobin\RoundRobin\RoundRobin.vcxproj" on node 2 (Build target(s)).
     1>ClCompile:
         C:\Program Files (x86)\Microsoft Visual Studio 12.0\VC\bin\CL.exe /c /ZI /nologo /W3 /WX- /sdl /Od /Oy- /D WIN32 /D _DEBUG /D _CONSOLE /D _LIB /D _UNICODE /D UNICODE /Gm /EHsc /RTC1 /MDd /GS /fp:precise /Zc:wchar_t /Zc:forScope /Yu"stdafx.h" /Fp"Debug\RoundRobin.pch" /Fo"Debug\\" /Fd"Debug\vc120.pdb" /Gd /TP /analyze- /errorReport:prompt RoundRobin.cpp
         RoundRobin.cpp
     1>c:\users\tanmay\desktop\semester1\computer organization and kernel programming\roundrobinalgorithm\roundrobin\roundrobin\roundrobin.cpp(6): warning C4627: '#include <stdlib.h>': skipped when looking for precompiled header use
                 Add directive to 'stdafx.h' or rebuild precompiled header
     1>c:\users\tanmay\desktop\semester1\computer organization and kernel programming\roundrobinalgorithm\roundrobin\roundrobin\roundrobin.cpp(243): fatal error C1010: unexpected end of file while looking for precompiled header. Did you forget to add '#include "stdafx.h"' to your source?
     1>Done Building Project "C:\Users\Tanmay\Desktop\Semester1\Computer Organization and Kernel Programming\RoundRobinAlgorithm\RoundRobin\RoundRobin\RoundRobin.vcxproj" (Build target(s)) -- FAILED.

Build FAILED.

Time Elapsed 00:00:02.43
